2026-04-20 22:09:43,403 - ERROR - [HARDWARE] Emergency: Camera 4 has suffered a catastrophic failure. Immediate replacement required.
2026-04-20 22:12:43,968 - ERROR - [HARDWARE] UNIT TEST: Total power failure on Node 5. Alerting systems should trigger.
2026-04-20 22:13:27,075 - ERROR - [HARDWARE] UNIT TEST: Total power failure on Node 5. Alerting systems should trigger.
2026-04-20 22:33:42,336 - ERROR - [MODEL_DRIFT/HARDWARE/DATASET] Camera 1 is responsible for over 50% of the defects
2026-04-22 19:31:59,690 - ERROR - [HARDWARE] Camera 3 is showing lens flare issues
2026-04-22 19:40:28,925 - ERROR - [HARDWARE] Camera 4 has suffered a catastrophic failure. Immediate replacement required.
2026-04-22 19:40:28,926 - ERROR - [HARDWARE] Total power failure on Node 5. Alerting systems should trigger.
2026-04-22 19:40:46,072 - ERROR - [MODEL_DRIFT/HARDWARE/DATASET] Error executing start_model_retraining: 'StructuredTool' object is not callable
2026-04-22 19:42:52,413 - ERROR - [MODEL_DRIFT/HARDWARE/DATASET] Error executing start_model_retraining: 'StructuredTool' object is not callable
2026-04-22 19:42:52,417 - ERROR - [HARDWARE] Camera 4 has suffered a catastrophic failure. Immediate replacement required.
2026-04-22 19:42:52,420 - ERROR - [HARDWARE] Total power failure on Node 5. Alerting systems should trigger.
2026-04-22 19:42:52,424 - ERROR - [MODEL_DRIFT/HARDWARE/DATASET] Error executing start_model_retraining: 'StructuredTool' object is not callable
2026-04-22 19:43:25,327 - ERROR - [MODEL_DRIFT/HARDWARE/DATASET] Error executing start_model_retraining: 'StructuredTool' object is not callable
2026-04-22 19:43:25,330 - ERROR - [HARDWARE] Camera 4 has suffered a catastrophic failure. Immediate replacement required.
2026-04-22 19:43:25,332 - ERROR - [HARDWARE] Total power failure on Node 5. Alerting systems should trigger.
2026-04-22 19:44:34,459 - ERROR - [MODEL_DRIFT/HARDWARE/DATASET] Error executing start_model_retraining: 'StructuredTool' object is not callable
2026-04-22 19:47:04,544 - ERROR - [MODEL_DRIFT/HARDWARE/DATASET] Error executing start_model_retraining: 'StructuredTool' object is not callable
2026-04-22 19:47:04,592 - ERROR - [HARDWARE] Camera 4 has suffered a catastrophic failure. Immediate replacement required.
2026-04-22 19:47:04,614 - ERROR - [HARDWARE] Total power failure on Node 5. Alerting systems should trigger.
2026-04-22 19:47:04,636 - ERROR - [MODEL_DRIFT/HARDWARE/DATASET] Error executing start_model_retraining: 'StructuredTool' object is not callable
2026-04-22 19:47:04,655 - ERROR - [MODEL_DRIFT/HARDWARE/DATASET] Error executing start_model_retraining: 'StructuredTool' object is not callable
2026-04-22 19:47:04,665 - ERROR - [MODEL_DRIFT/HARDWARE/DATASET] Error executing start_model_retraining: 'StructuredTool' object is not callable
2026-04-22 19:47:04,673 - ERROR - [MODEL_DRIFT/HARDWARE/DATASET] Error executing start_model_retraining: 'StructuredTool' object is not callable
